2021-01-15 15:47:53 INFO  ===오픈===
2021-01-15 15:47:53 INFO  [Eric] Ada 님이 Americano 를 주문하였습니다.
2021-01-15 15:47:53 INFO  [Tom] Ada 님의 Americano 만드는 중...
2021-01-15 15:47:55 INFO  [Eric] Beth 님이 Americano 를 주문하였습니다.
2021-01-15 15:47:55 INFO  [Chicol] Beth 님의 Americano 만드는 중...
2021-01-15 15:47:56 INFO  [Tom] Ada 님의 Americano 가 완성되었습니다.
2021-01-15 15:47:57 INFO  [Eric] Coco 님이 Latte 를 주문하였습니다.
2021-01-15 15:47:57 INFO  [Tom] Coco 님의 Latte 만드는 중...
2021-01-15 15:47:58 INFO  [Chicol] Beth 님의 Americano 가 완성되었습니다.
2021-01-15 15:47:59 INFO  [Eric] Daniel 님이 Tea 를 주문하였습니다.
2021-01-15 15:47:59 INFO  [Chicol] Daniel 님의 Tea 만드는 중...
2021-01-15 15:48:00 INFO  [Tom] Coco 님의 Latte 가 완성되었습니다.
2021-01-15 15:48:01 INFO  [Eric] Emile 님이 Espresso 를 주문하였습니다.
2021-01-15 15:48:01 INFO  [Tom] Emile 님의 Espresso 만드는 중...
2021-01-15 15:48:02 INFO  [Chicol] Daniel 님의 Tea 가 완성되었습니다.
2021-01-15 15:48:04 INFO  [Tom] Emile 님의 Espresso 가 완성되었습니다.
2021-01-15 15:48:13 INFO  ===영업종료===
2021-01-15 15:48:13 INFO  ===정산===
2021-01-15 15:48:13 INFO  현재까지의 매출은 19,000원 입니다.
2021-01-15 15:48:13 INFO  판매 내역 조회: {Tea=1, Espresso=1, Americano=2, Latte=1}
